<?xml version="1.0" encoding="UTF-8"?>
<!-- Generated by org.testng.reporters.JUnitXMLReporter -->
<testsuite ignored="4" hostname="LAPTOP-AJDG53AC" failures="0" tests="2" name="General Store Test" time="25.269" errors="0" timestamp="2024-01-07T19:17:28 IST">
  <testcase classname="tests.RegPageTest" name="fillingData" time="9.586"/>
  <testcase classname="tests.ProductPageTest" name="addingProducts" time="9.574"/>
  <testcase classname="configurations.Build" name="@AfterTest tearDown" time="0.0">
    <ignored/>
  </testcase> <!-- @AfterTest tearDown -->
  <testcase classname="configurations.Build" name="@AfterSuite serverStop" time="0.0">
    <ignored/>
  </testcase> <!-- @AfterSuite serverStop -->
  <testcase classname="configurations.Build" name="@BeforeSuite serverSetUp" time="0.0">
    <ignored/>
  </testcase> <!-- @BeforeSuite serverSetUp -->
  <testcase classname="configurations.Build" name="@BeforeTest initializingDriver" time="0.0">
    <ignored/>
  </testcase> <!-- @BeforeTest initializingDriver -->
</testsuite> <!-- General Store Test -->
