<?xml version="1.0" encoding="UTF-8"?>
<testng-results ignored="0" total="2" passed="2" failed="0" skipped="0">
  <reporter-output>
  </reporter-output>
  <suite started-at="2024-01-07T19:17:02 IST" name="Suite" finished-at="2024-01-07T19:17:28 IST" duration-ms="25269">
    <groups>
    </groups>
    <test started-at="2024-01-07T19:17:02 IST" name="General Store Test" finished-at="2024-01-07T19:17:28 IST" duration-ms="25269">
      <class name="tests.ProductPageTest">
        <test-method signature="addingProducts()[pri:0, instance:tests.ProductPageTest@2b71e916]" started-at="2024-01-07T19:17:18 IST" name="addingProducts" finished-at="2024-01-07T19:17:28 IST" duration-ms="9574" status="PASS">
          <reporter-output>
          </reporter-output>
        </test-method> <!-- addingProducts -->
      </class> <!-- tests.ProductPageTest -->
      <class name="tests.RegPageTest">
        <test-method is-config="true" signature="serverSetUp()[pri:0, instance:tests.RegPageTest@74235045]" started-at="2024-01-07T19:17:02 IST" name="serverSetUp" finished-at="2024-01-07T19:17:02 IST" duration-ms="48" status="PASS">
          <reporter-output>
          </reporter-output>
        </test-method> <!-- serverSetUp -->
        <test-method is-config="true" signature="initializingDriver()[pri:0, instance:tests.RegPageTest@74235045]" started-at="2024-01-07T19:17:02 IST" name="initializingDriver" finished-at="2024-01-07T19:17:09 IST" duration-ms="6083" status="PASS">
          <reporter-output>
          </reporter-output>
        </test-method> <!-- initializingDriver -->
        <test-method signature="fillingData()[pri:0, instance:tests.RegPageTest@74235045]" started-at="2024-01-07T19:17:09 IST" name="fillingData" finished-at="2024-01-07T19:17:18 IST" duration-ms="9586" status="PASS">
          <reporter-output>
          </reporter-output>
        </test-method> <!-- fillingData -->
        <test-method is-config="true" signature="tearDown()[pri:0, instance:tests.RegPageTest@74235045]" started-at="2024-01-07T19:17:28 IST" name="tearDown" finished-at="2024-01-07T19:17:28 IST" duration-ms="0" status="PASS">
          <reporter-output>
          </reporter-output>
        </test-method> <!-- tearDown -->
        <test-method is-config="true" signature="serverStop()[pri:0, instance:tests.RegPageTest@74235045]" started-at="2024-01-07T19:17:28 IST" name="serverStop" finished-at="2024-01-07T19:17:28 IST" duration-ms="1" status="PASS">
          <reporter-output>
          </reporter-output>
        </test-method> <!-- serverStop -->
      </class> <!-- tests.RegPageTest -->
    </test> <!-- General Store Test -->
  </suite> <!-- Suite -->
</testng-results>
